Using pre-set license
Built from '2020.3/staging' branch; Version is '2020.3.6f1 (338bb68529b2) revision 3378102'; Using compiler version '192528614'; Build Type 'Release'
OS: 'Windows 10 Home; OS build 19043.1110; Version 2009; 64bit' Language: 'en' Physical Memory: 14246 MB
BatchMode: 1, IsHumanControllingUs: 0, StartBugReporterOnCrash: 0, Is64bit: 1, IsPro: 0

 COMMAND LINE ARGUMENTS:
C:\Program Files\Unity\Hub\Editor\2020.3.6f1\Editor\Unity.exe
-adb2
-batchMode
-noUpm
-name
AssetImportWorker0
-projectPath
C:/Users/nilsc/Documents/GitHub/Unity-TowerDefenseBrackeys
-logFile
Logs/AssetImportWorker0.log
-srvPort
64542
Successfully changed project path to: C:/Users/nilsc/Documents/GitHub/Unity-TowerDefenseBrackeys
C:/Users/nilsc/Documents/GitHub/Unity-TowerDefenseBrackeys
Using Asset Import Pipeline V2.
Refreshing native plugins compatible for Editor in 25.29 ms, found 0 plugins.
Preloading 0 native plugins for Editor in 0.00 ms.
Initialize engine version: 2020.3.6f1 (338bb68529b2)
[Subsystems] Discovering subsystems at path C:/Program Files/Unity/Hub/Editor/2020.3.6f1/Editor/Data/Resources/UnitySubsystems
[Subsystems] Discovering subsystems at path C:/Users/nilsc/Documents/GitHub/Unity-TowerDefenseBrackeys/Assets
GfxDevice: creating device client; threaded=0
Direct3D:
    Version:  Direct3D 11.0 [level 11.1]
    Renderer: NVIDIA GeForce GTX 1050 Ti (ID=0x1c82)
    Vendor:   
    VRAM:     4018 MB
    Driver:   27.21.14.5671
Initialize mono
Mono path[0] = 'C:/Program Files/Unity/Hub/Editor/2020.3.6f1/Editor/Data/Managed'
Mono path[1] = 'C:/Program Files/Unity/Hub/Editor/2020.3.6f1/Editor/Data/MonoBleedingEdge/lib/mono/unityjit'
Mono config path = 'C:/Program Files/Unity/Hub/Editor/2020.3.6f1/Editor/Data/MonoBleedingEdge/etc'
Using monoOptions --debugger-agent=transport=dt_socket,embedding=1,server=y,suspend=n,address=127.0.0.1:56208
Begin MonoManager ReloadAssembly
Registering precompiled unity dll's ...
Register platform support module: C:/Program Files/Unity/Hub/Editor/2020.3.6f1/Editor/Data/PlaybackEngines/WebGLSupport/UnityEditor.WebGL.Extensions.dll
Register platform support module: C:/Program Files/Unity/Hub/Editor/2020.3.6f1/Editor/Data/PlaybackEngines/WindowsStandaloneSupport/UnityEditor.WindowsStandalone.Extensions.dll
Registered in 0.003285 seconds.
Native extension for WindowsStandalone target not found
Native extension for WebGL target not found
Refreshing native plugins compatible for Editor in 24.51 ms, found 0 plugins.
Preloading 0 native plugins for Editor in 0.00 ms.
Mono: successfully reloaded assembly
- Completed reload, in  3.288 seconds
Platform modules already initialized, skipping
Registering precompiled user dll's ...
Registered in 0.001089 seconds.
Begin MonoManager ReloadAssembly
Native extension for WindowsStandalone target not found
Native extension for WebGL target not found
Refreshing native plugins compatible for Editor in 0.26 ms, found 0 plugins.
Preloading 0 native plugins for Editor in 0.00 ms.
Mono: successfully reloaded assembly
- Completed reload, in  1.003 seconds
Platform modules already initialized, skipping
========================================================================
Worker process is ready to serve import requests
Launched and connected shader compiler UnityShaderCompiler.exe after 0.05 seconds
Refreshing native plugins compatible for Editor in 0.23 ms, found 0 plugins.
Preloading 0 native plugins for Editor in 0.00 ms.
Unloading 1118 Unused Serialized files (Serialized files now loaded: 0)
System memory in use before: 57.3 MB.
System memory in use after: 57.3 MB.

Unloading 10 unused Assets to reduce memory usage. Loaded Objects now: 1561.
Total: 2.911500 ms (FindLiveObjects: 0.424700 ms CreateObjectMapping: 0.196600 ms MarkObjects: 2.183200 ms  DeleteObjects: 0.104700 ms)

========================================================================
Received Import Request.
  path: Assets/Imports
  artifactKey: Guid(79e3bcdb23f4e234f8a2710b8021e1c8) Importer(815301076,1909f56bfc062723c751e8b465ee728b)
Start importing Assets/Imports using Guid(79e3bcdb23f4e234f8a2710b8021e1c8) Importer(815301076,1909f56bfc062723c751e8b465ee728b)  -> (artifact id: '59f77b66ce8964d09cefc913d1e40da5') in 0.006365 seconds
  Import took 0.011056 seconds .

========================================================================
Received Import Request.
  Time since last request: 755.035935 seconds.
  path: Assets/Imports/Turret with panels.fbx
  artifactKey: Guid(8ab78042e46531c4da7ea5aabc6cc155) Importer(815301076,1909f56bfc062723c751e8b465ee728b)
Start importing Assets/Imports/Turret with panels.fbx using Guid(8ab78042e46531c4da7ea5aabc6cc155) Importer(815301076,1909f56bfc062723c751e8b465ee728b)  -> (artifact id: '103f8f22ad2b214f910d7f19d6425659') in 0.253653 seconds
  Import took 0.256899 seconds .

========================================================================
Received Import Request.
  Time since last request: 311.994994 seconds.
  path: Assets/Imports/Turret with panels.fbx
  artifactKey: Guid(8ab78042e46531c4da7ea5aabc6cc155) Importer(815301076,1909f56bfc062723c751e8b465ee728b)
Start importing Assets/Imports/Turret with panels.fbx using Guid(8ab78042e46531c4da7ea5aabc6cc155) Importer(815301076,1909f56bfc062723c751e8b465ee728b)  -> (artifact id: 'f7997b43c5633f42743b1feda0e3ae65') in 0.051447 seconds
  Import took 0.053879 seconds .

========================================================================
Received Import Request.
  Time since last request: 3355.589355 seconds.
  path: Assets/Imports/Turret.fbx
  artifactKey: Guid(2836eb20a620caf4b8909f87759ec78b) Importer(815301076,1909f56bfc062723c751e8b465ee728b)
Start importing Assets/Imports/Turret.fbx using Guid(2836eb20a620caf4b8909f87759ec78b) Importer(815301076,1909f56bfc062723c751e8b465ee728b)  -> (artifact id: '126ca697b6398e130e8403a0ea56b213') in 0.069938 seconds
  Import took 0.086995 seconds .

========================================================================
Received Import Request.
  Time since last request: 5.738174 seconds.
  path: Assets/Imports/Turret.fbx
  artifactKey: Guid(2836eb20a620caf4b8909f87759ec78b) Importer(815301076,1909f56bfc062723c751e8b465ee728b)
Start importing Assets/Imports/Turret.fbx using Guid(2836eb20a620caf4b8909f87759ec78b) Importer(815301076,1909f56bfc062723c751e8b465ee728b)  -> (artifact id: 'adba701ecd742fdb9afb55e0ff4e50c6') in 0.041991 seconds
  Import took 0.045156 seconds .

========================================================================
Received Import Request.
  Time since last request: 10.673913 seconds.
  path: Assets/Imports/Turret.fbx
  artifactKey: Guid(2836eb20a620caf4b8909f87759ec78b) Importer(815301076,1909f56bfc062723c751e8b465ee728b)
Start importing Assets/Imports/Turret.fbx using Guid(2836eb20a620caf4b8909f87759ec78b) Importer(815301076,1909f56bfc062723c751e8b465ee728b)  -> (artifact id: 'a7325dadeab38d31ae8de6952c611092') in 0.045403 seconds
  Import took 0.048969 seconds .

========================================================================
Received Import Request.
  Time since last request: 11.257726 seconds.
  path: Assets/Imports/Turret.fbx
  artifactKey: Guid(2836eb20a620caf4b8909f87759ec78b) Importer(815301076,1909f56bfc062723c751e8b465ee728b)
Start importing Assets/Imports/Turret.fbx using Guid(2836eb20a620caf4b8909f87759ec78b) Importer(815301076,1909f56bfc062723c751e8b465ee728b)  -> (artifact id: '07f80eb720272a3b836a415e0dfd8515') in 0.044121 seconds
  Import took 0.049045 seconds .

========================================================================
Received Import Request.
  Time since last request: 38.809979 seconds.
  path: Assets/Imports/Turret.fbx
  artifactKey: Guid(2836eb20a620caf4b8909f87759ec78b) Importer(815301076,1909f56bfc062723c751e8b465ee728b)
Start importing Assets/Imports/Turret.fbx using Guid(2836eb20a620caf4b8909f87759ec78b) Importer(815301076,1909f56bfc062723c751e8b465ee728b)  -> (artifact id: 'f7fb4d896719010c42f7fc281398a5dd') in 0.055613 seconds
  Import took 0.059055 seconds .

========================================================================
Received Import Request.
  Time since last request: 326.125285 seconds.
  path: Assets/Imports/Turret.fbx
  artifactKey: Guid(2836eb20a620caf4b8909f87759ec78b) Importer(815301076,1909f56bfc062723c751e8b465ee728b)
Start importing Assets/Imports/Turret.fbx using Guid(2836eb20a620caf4b8909f87759ec78b) Importer(815301076,1909f56bfc062723c751e8b465ee728b)  -> (artifact id: '536c7238b6fcd9e6d7e115a356e5e30f') in 0.039588 seconds
  Import took 0.043272 seconds .

========================================================================
Received Import Request.
  Time since last request: 10.086368 seconds.
  path: Assets/Imports/Turret with panels.fbx
  artifactKey: Guid(8ab78042e46531c4da7ea5aabc6cc155) Importer(815301076,1909f56bfc062723c751e8b465ee728b)
Start importing Assets/Imports/Turret with panels.fbx using Guid(8ab78042e46531c4da7ea5aabc6cc155) Importer(815301076,1909f56bfc062723c751e8b465ee728b)  -> (artifact id: '0aa53b2fa9d0f2ab356bde65dd0a44ab') in 0.052312 seconds
  Import took 0.055916 seconds .

========================================================================
Received Import Request.
  Time since last request: 3819.350575 seconds.
  path: Assets/Prefabs/Turret Variant.prefab
  artifactKey: Guid(e7735ab2e362cf64fa40cef72b8fff56) Importer(815301076,1909f56bfc062723c751e8b465ee728b)
Start importing Assets/Prefabs/Turret Variant.prefab using Guid(e7735ab2e362cf64fa40cef72b8fff56) Importer(815301076,1909f56bfc062723c751e8b465ee728b)  -> (artifact id: '70225c07e44f3e3624abe3d052666e34') in 0.045806 seconds
  Import took 0.057812 seconds .

========================================================================
Received Import Request.
  Time since last request: 0.001298 seconds.
  path: Assets/Prefabs/Turret Variant.prefab
  artifactKey: Guid(e7735ab2e362cf64fa40cef72b8fff56) Importer(815301076,1909f56bfc062723c751e8b465ee728b)
Start importing Assets/Prefabs/Turret Variant.prefab using Guid(e7735ab2e362cf64fa40cef72b8fff56) Importer(815301076,1909f56bfc062723c751e8b465ee728b)  -> (artifact id: '70225c07e44f3e3624abe3d052666e34') in 0.016162 seconds
  Import took 0.020165 seconds .

========================================================================
Received Import Request.
  Time since last request: 19798.301882 seconds.
  path: Assets/Prefabs/Turret Variant.prefab
  artifactKey: Guid(e7735ab2e362cf64fa40cef72b8fff56) Importer(815301076,1909f56bfc062723c751e8b465ee728b)
Start importing Assets/Prefabs/Turret Variant.prefab using Guid(e7735ab2e362cf64fa40cef72b8fff56) Importer(815301076,1909f56bfc062723c751e8b465ee728b)  -> (artifact id: 'a665bf20d110cfdc6eb3b4915c0abb85') in 0.044578 seconds
  Import took 0.057540 seconds .

========================================================================
Received Import Request.
  Time since last request: 195.792299 seconds.
  path: Assets/Prefabs/Turret Variant.prefab
  artifactKey: Guid(e7735ab2e362cf64fa40cef72b8fff56) Importer(815301076,1909f56bfc062723c751e8b465ee728b)
Start importing Assets/Prefabs/Turret Variant.prefab using Guid(e7735ab2e362cf64fa40cef72b8fff56) Importer(815301076,1909f56bfc062723c751e8b465ee728b)  -> (artifact id: 'd66f0f25dbd4422192d2f5431b9264fb') in 0.014782 seconds
  Import took 0.018600 seconds .

========================================================================
Received Import Request.
  Time since last request: 584.578735 seconds.
  path: Assets/Prefabs/Turret Variant 1.prefab
  artifactKey: Guid(c9d5bfa0ea10f464c817785f4ef37677) Importer(815301076,1909f56bfc062723c751e8b465ee728b)
Start importing Assets/Prefabs/Turret Variant 1.prefab using Guid(c9d5bfa0ea10f464c817785f4ef37677) Importer(815301076,1909f56bfc062723c751e8b465ee728b)  -> (artifact id: '472b4c4a71b55ae22f186af1d63a7d37') in 0.018741 seconds
  Import took 0.023934 seconds .

========================================================================
Received Import Request.
  Time since last request: 979.025502 seconds.
  path: Assets/Prefabs/Turret Variant.prefab
  artifactKey: Guid(e7735ab2e362cf64fa40cef72b8fff56) Importer(815301076,1909f56bfc062723c751e8b465ee728b)
Start importing Assets/Prefabs/Turret Variant.prefab using Guid(e7735ab2e362cf64fa40cef72b8fff56) Importer(815301076,1909f56bfc062723c751e8b465ee728b)  -> (artifact id: 'eb60793ceb3333ca0fee4ac8281b5b62') in 0.016323 seconds
  Import took 0.020973 seconds .

========================================================================
Received Prepare
Registering precompiled user dll's ...
Registered in 0.001142 seconds.
Begin MonoManager ReloadAssembly
Native extension for WindowsStandalone target not found
Native extension for WebGL target not found
Refreshing native plugins compatible for Editor in 0.32 ms, found 0 plugins.
Preloading 0 native plugins for Editor in 0.00 ms.
Mono: successfully reloaded assembly
- Completed reload, in  1.048 seconds
Platform modules already initialized, skipping
Refreshing native plugins compatible for Editor in 0.38 ms, found 0 plugins.
Preloading 0 native plugins for Editor in 0.00 ms.
Unloading 1114 Unused Serialized files (Serialized files now loaded: 0)
System memory in use before: 60.7 MB.
System memory in use after: 60.8 MB.

Unloading 5 unused Assets to reduce memory usage. Loaded Objects now: 1608.
Total: 2.470500 ms (FindLiveObjects: 0.220800 ms CreateObjectMapping: 0.038300 ms MarkObjects: 2.131600 ms  DeleteObjects: 0.077900 ms)

========================================================================
Received Prepare
Registering precompiled user dll's ...
Registered in 0.000861 seconds.
Begin MonoManager ReloadAssembly
Native extension for WindowsStandalone target not found
Native extension for WebGL target not found
Refreshing native plugins compatible for Editor in 0.29 ms, found 0 plugins.
Preloading 0 native plugins for Editor in 0.00 ms.
Mono: successfully reloaded assembly
- Completed reload, in  0.992 seconds
Platform modules already initialized, skipping
Refreshing native plugins compatible for Editor in 0.25 ms, found 0 plugins.
Preloading 0 native plugins for Editor in 0.00 ms.
Unloading 1114 Unused Serialized files (Serialized files now loaded: 0)
System memory in use before: 60.8 MB.
System memory in use after: 60.8 MB.

Unloading 5 unused Assets to reduce memory usage. Loaded Objects now: 1611.
Total: 2.868500 ms (FindLiveObjects: 0.399200 ms CreateObjectMapping: 0.089200 ms MarkObjects: 2.294200 ms  DeleteObjects: 0.080800 ms)

========================================================================
Received Prepare
Registering precompiled user dll's ...
Registered in 0.000850 seconds.
Begin MonoManager ReloadAssembly
Native extension for WindowsStandalone target not found
Native extension for WebGL target not found
Refreshing native plugins compatible for Editor in 0.24 ms, found 0 plugins.
Preloading 0 native plugins for Editor in 0.00 ms.
Mono: successfully reloaded assembly
- Completed reload, in  1.170 seconds
Platform modules already initialized, skipping
Refreshing native plugins compatible for Editor in 0.22 ms, found 0 plugins.
Preloading 0 native plugins for Editor in 0.00 ms.
Unloading 1114 Unused Serialized files (Serialized files now loaded: 0)
System memory in use before: 60.8 MB.
System memory in use after: 60.8 MB.

Unloading 5 unused Assets to reduce memory usage. Loaded Objects now: 1614.
Total: 1.847900 ms (FindLiveObjects: 0.176100 ms CreateObjectMapping: 0.044600 ms MarkObjects: 1.545300 ms  DeleteObjects: 0.079200 ms)

========================================================================
Received Prepare
Registering precompiled user dll's ...
Registered in 0.001028 seconds.
Begin MonoManager ReloadAssembly
Native extension for WindowsStandalone target not found
Native extension for WebGL target not found
Refreshing native plugins compatible for Editor in 0.35 ms, found 0 plugins.
Preloading 0 native plugins for Editor in 0.00 ms.
Mono: successfully reloaded assembly
- Completed reload, in  0.986 seconds
Platform modules already initialized, skipping
Refreshing native plugins compatible for Editor in 0.23 ms, found 0 plugins.
Preloading 0 native plugins for Editor in 0.00 ms.
Unloading 1114 Unused Serialized files (Serialized files now loaded: 0)
System memory in use before: 60.8 MB.
System memory in use after: 60.9 MB.

Unloading 5 unused Assets to reduce memory usage. Loaded Objects now: 1617.
Total: 2.127800 ms (FindLiveObjects: 0.300300 ms CreateObjectMapping: 0.041900 ms MarkObjects: 1.715400 ms  DeleteObjects: 0.067100 ms)

========================================================================
Received Import Request.
  Time since last request: 626.254492 seconds.
  path: ProjectSettings/TagManager.asset
  artifactKey: Guid(00000000000000003000000000000000) Importer(815301076,1909f56bfc062723c751e8b465ee728b)
Start importing ProjectSettings/TagManager.asset using Guid(00000000000000003000000000000000) Importer(815301076,1909f56bfc062723c751e8b465ee728b)  -> (artifact id: '7960a73919d8baa12bca0e2fc225c862') in 0.026902 seconds
  Import took 0.031758 seconds .

========================================================================
Received Import Request.
  Time since last request: 7.077116 seconds.
  path: ProjectSettings/TagManager.asset
  artifactKey: Guid(00000000000000003000000000000000) Importer(815301076,1909f56bfc062723c751e8b465ee728b)
Start importing ProjectSettings/TagManager.asset using Guid(00000000000000003000000000000000) Importer(815301076,1909f56bfc062723c751e8b465ee728b)  -> (artifact id: '76d442b2c7f29a40d6e84054e3efc432') in 0.005256 seconds
  Import took 0.009036 seconds .

========================================================================
Received Import Request.
  Time since last request: 4.791472 seconds.
  path: Assets/Prefabs/Enemy.prefab
  artifactKey: Guid(d08acf65990778e4b9a8dab9421093ad) Importer(815301076,1909f56bfc062723c751e8b465ee728b)
Start importing Assets/Prefabs/Enemy.prefab using Guid(d08acf65990778e4b9a8dab9421093ad) Importer(815301076,1909f56bfc062723c751e8b465ee728b)  -> (artifact id: '0d42a64c149f1c0be86960dc70b78b40') in 0.082598 seconds
  Import took 0.086935 seconds .

========================================================================
Received Prepare
Registering precompiled user dll's ...
Registered in 0.001991 seconds.
Begin MonoManager ReloadAssembly
Native extension for WindowsStandalone target not found
Native extension for WebGL target not found
Refreshing native plugins compatible for Editor in 0.39 ms, found 0 plugins.
Preloading 0 native plugins for Editor in 0.00 ms.
Mono: successfully reloaded assembly
- Completed reload, in  1.400 seconds
Platform modules already initialized, skipping
Refreshing native plugins compatible for Editor in 0.27 ms, found 0 plugins.
Preloading 0 native plugins for Editor in 0.00 ms.
Unloading 1114 Unused Serialized files (Serialized files now loaded: 0)
System memory in use before: 60.8 MB.
System memory in use after: 60.9 MB.

Unloading 7 unused Assets to reduce memory usage. Loaded Objects now: 1622.
Total: 2.050600 ms (FindLiveObjects: 0.185600 ms CreateObjectMapping: 0.030300 ms MarkObjects: 1.762700 ms  DeleteObjects: 0.069600 ms)

========================================================================
Received Prepare
Registering precompiled user dll's ...
Registered in 0.001197 seconds.
Begin MonoManager ReloadAssembly
Native extension for WindowsStandalone target not found
Native extension for WebGL target not found
Refreshing native plugins compatible for Editor in 0.26 ms, found 0 plugins.
Preloading 0 native plugins for Editor in 0.00 ms.
Mono: successfully reloaded assembly
- Completed reload, in  0.918 seconds
Platform modules already initialized, skipping
Refreshing native plugins compatible for Editor in 0.23 ms, found 0 plugins.
Preloading 0 native plugins for Editor in 0.00 ms.
Unloading 1114 Unused Serialized files (Serialized files now loaded: 0)
System memory in use before: 60.8 MB.
System memory in use after: 60.9 MB.

Unloading 5 unused Assets to reduce memory usage. Loaded Objects now: 1625.
Total: 2.597200 ms (FindLiveObjects: 0.287200 ms CreateObjectMapping: 0.058700 ms MarkObjects: 2.160700 ms  DeleteObjects: 0.087400 ms)

========================================================================
Received Prepare
Registering precompiled user dll's ...
Registered in 0.000904 seconds.
Begin MonoManager ReloadAssembly
Native extension for WindowsStandalone target not found
Native extension for WebGL target not found
Refreshing native plugins compatible for Editor in 0.23 ms, found 0 plugins.
Preloading 0 native plugins for Editor in 0.00 ms.
Mono: successfully reloaded assembly
- Completed reload, in  1.126 seconds
Platform modules already initialized, skipping
Refreshing native plugins compatible for Editor in 0.29 ms, found 0 plugins.
Preloading 0 native plugins for Editor in 0.00 ms.
Unloading 1114 Unused Serialized files (Serialized files now loaded: 0)
System memory in use before: 60.9 MB.
System memory in use after: 60.9 MB.

Unloading 5 unused Assets to reduce memory usage. Loaded Objects now: 1628.
Total: 2.650700 ms (FindLiveObjects: 0.203700 ms CreateObjectMapping: 0.038700 ms MarkObjects: 2.324200 ms  DeleteObjects: 0.081500 ms)

========================================================================
Received Prepare
Registering precompiled user dll's ...
Registered in 0.001060 seconds.
Begin MonoManager ReloadAssembly
Native extension for WindowsStandalone target not found
Native extension for WebGL target not found
Refreshing native plugins compatible for Editor in 0.27 ms, found 0 plugins.
Preloading 0 native plugins for Editor in 0.00 ms.
Mono: successfully reloaded assembly
- Completed reload, in  1.159 seconds
Platform modules already initialized, skipping
Refreshing native plugins compatible for Editor in 0.53 ms, found 0 plugins.
Preloading 0 native plugins for Editor in 0.00 ms.
Unloading 1114 Unused Serialized files (Serialized files now loaded: 0)
System memory in use before: 60.9 MB.
System memory in use after: 60.9 MB.

Unloading 5 unused Assets to reduce memory usage. Loaded Objects now: 1631.
Total: 2.216000 ms (FindLiveObjects: 0.183100 ms CreateObjectMapping: 0.031600 ms MarkObjects: 1.900500 ms  DeleteObjects: 0.097700 ms)

========================================================================
Received Prepare
Registering precompiled user dll's ...
Registered in 0.001459 seconds.
Begin MonoManager ReloadAssembly
Native extension for WindowsStandalone target not found
Native extension for WebGL target not found
Refreshing native plugins compatible for Editor in 0.25 ms, found 0 plugins.
Preloading 0 native plugins for Editor in 0.00 ms.
Mono: successfully reloaded assembly
- Completed reload, in  0.914 seconds
Platform modules already initialized, skipping
Refreshing native plugins compatible for Editor in 0.23 ms, found 0 plugins.
Preloading 0 native plugins for Editor in 0.00 ms.
Unloading 1114 Unused Serialized files (Serialized files now loaded: 0)
System memory in use before: 60.9 MB.
System memory in use after: 60.9 MB.

Unloading 5 unused Assets to reduce memory usage. Loaded Objects now: 1634.
Total: 2.412100 ms (FindLiveObjects: 0.198200 ms CreateObjectMapping: 0.036900 ms MarkObjects: 2.097200 ms  DeleteObjects: 0.077300 ms)

========================================================================
Received Prepare
Registering precompiled user dll's ...
Registered in 0.001221 seconds.
Begin MonoManager ReloadAssembly
Native extension for WindowsStandalone target not found
Native extension for WebGL target not found
Refreshing native plugins compatible for Editor in 0.38 ms, found 0 plugins.
Preloading 0 native plugins for Editor in 0.00 ms.
Mono: successfully reloaded assembly
- Completed reload, in  1.144 seconds
Platform modules already initialized, skipping
Refreshing native plugins compatible for Editor in 0.26 ms, found 0 plugins.
Preloading 0 native plugins for Editor in 0.00 ms.
Unloading 1114 Unused Serialized files (Serialized files now loaded: 0)
System memory in use before: 60.9 MB.
System memory in use after: 60.9 MB.

Unloading 5 unused Assets to reduce memory usage. Loaded Objects now: 1637.
Total: 4.433800 ms (FindLiveObjects: 0.179200 ms CreateObjectMapping: 0.030300 ms MarkObjects: 3.482800 ms  DeleteObjects: 0.738400 ms)

========================================================================
Received Prepare
Registering precompiled user dll's ...
Registered in 0.001175 seconds.
Begin MonoManager ReloadAssembly
Native extension for WindowsStandalone target not found
Native extension for WebGL target not found
Refreshing native plugins compatible for Editor in 0.24 ms, found 0 plugins.
Preloading 0 native plugins for Editor in 0.00 ms.
Mono: successfully reloaded assembly
- Completed reload, in  0.982 seconds
Platform modules already initialized, skipping
Refreshing native plugins compatible for Editor in 0.22 ms, found 0 plugins.
Preloading 0 native plugins for Editor in 0.00 ms.
Unloading 1114 Unused Serialized files (Serialized files now loaded: 0)
System memory in use before: 60.9 MB.
System memory in use after: 60.9 MB.

Unloading 5 unused Assets to reduce memory usage. Loaded Objects now: 1640.
Total: 2.554600 ms (FindLiveObjects: 0.172800 ms CreateObjectMapping: 0.028800 ms MarkObjects: 2.103700 ms  DeleteObjects: 0.246700 ms)

========================================================================
Received Prepare
Registering precompiled user dll's ...
Registered in 0.001460 seconds.
Begin MonoManager ReloadAssembly
Native extension for WindowsStandalone target not found
Native extension for WebGL target not found
Refreshing native plugins compatible for Editor in 0.30 ms, found 0 plugins.
Preloading 0 native plugins for Editor in 0.00 ms.
Mono: successfully reloaded assembly
- Completed reload, in  0.971 seconds
Platform modules already initialized, skipping
Refreshing native plugins compatible for Editor in 0.23 ms, found 0 plugins.
Preloading 0 native plugins for Editor in 0.00 ms.
Unloading 1114 Unused Serialized files (Serialized files now loaded: 0)
System memory in use before: 60.9 MB.
System memory in use after: 61.0 MB.

Unloading 5 unused Assets to reduce memory usage. Loaded Objects now: 1643.
Total: 1.948000 ms (FindLiveObjects: 0.260600 ms CreateObjectMapping: 0.044500 ms MarkObjects: 1.577300 ms  DeleteObjects: 0.063900 ms)

========================================================================
Received Import Request.
  Time since last request: 73862.140791 seconds.
  path: Assets/Prefabs/Turret Variant 2.prefab
  artifactKey: Guid(4693f73e140204b4bba0fa468123f68a) Importer(815301076,1909f56bfc062723c751e8b465ee728b)
Start importing Assets/Prefabs/Turret Variant 2.prefab using Guid(4693f73e140204b4bba0fa468123f68a) Importer(815301076,1909f56bfc062723c751e8b465ee728b)  -> (artifact id: 'b94fe48ff8a1840a9cd9bacc6f0b7244') in 0.088699 seconds
  Import took 0.091987 seconds .

========================================================================
Received Prepare
Registering precompiled user dll's ...
Registered in 0.000979 seconds.
Begin MonoManager ReloadAssembly
Native extension for WindowsStandalone target not found
Native extension for WebGL target not found
Refreshing native plugins compatible for Editor in 0.27 ms, found 0 plugins.
Preloading 0 native plugins for Editor in 0.00 ms.
Mono: successfully reloaded assembly
- Completed reload, in  0.988 seconds
Platform modules already initialized, skipping
Refreshing native plugins compatible for Editor in 0.22 ms, found 0 plugins.
Preloading 0 native plugins for Editor in 0.00 ms.
Unloading 1114 Unused Serialized files (Serialized files now loaded: 0)
System memory in use before: 60.9 MB.
System memory in use after: 61.0 MB.

Unloading 5 unused Assets to reduce memory usage. Loaded Objects now: 1647.
Total: 2.910000 ms (FindLiveObjects: 0.261600 ms CreateObjectMapping: 0.041500 ms MarkObjects: 2.531900 ms  DeleteObjects: 0.072900 ms)

========================================================================
Received Prepare
Registering precompiled user dll's ...
Registered in 0.000950 seconds.
Begin MonoManager ReloadAssembly
Native extension for WindowsStandalone target not found
Native extension for WebGL target not found
Refreshing native plugins compatible for Editor in 0.32 ms, found 0 plugins.
Preloading 0 native plugins for Editor in 0.00 ms.
Mono: successfully reloaded assembly
- Completed reload, in  0.940 seconds
Platform modules already initialized, skipping
Refreshing native plugins compatible for Editor in 0.46 ms, found 0 plugins.
Preloading 0 native plugins for Editor in 0.00 ms.
Unloading 1114 Unused Serialized files (Serialized files now loaded: 0)
System memory in use before: 60.9 MB.
System memory in use after: 61.0 MB.

Unloading 5 unused Assets to reduce memory usage. Loaded Objects now: 1650.
Total: 6.315700 ms (FindLiveObjects: 0.282500 ms CreateObjectMapping: 0.051300 ms MarkObjects: 5.884900 ms  DeleteObjects: 0.093800 ms)

AssetImportWorkerClient::OnTransportError - code=2 error=End of file
